 
****************************************
Report : area
Design : JAM
Version: Q-2019.12
Date   : Sat Mar  7 22:00:44 2026
****************************************

Library(s) Used:

    slow (File: /usr/cad/CBDK/CBDK_IC_Contest_v2.5/SynopsysDC/db/slow.db)

Number of ports:                           62
Number of nets:                           519
Number of cells:                          412
Number of combinational cells:            335
Number of sequential cells:                75
Number of macros/black boxes:               0
Number of buf/inv:                         65
Number of references:                      64

Combinational area:               3092.662804
Buf/Inv area:                      527.891407
Noncombinational area:            2389.939140
Macro/Black Box area:                0.000000
Net Interconnect area:           58893.629669

Total cell area:                  5482.601944
Total area:                      64376.231614
1
