 
****************************************
Report : timing
        -path full
        -delay max
        -max_paths 1
Design : CLE
Version: Q-2019.12
Date   : Mon Mar 16 16:22:22 2026
****************************************

Operating Conditions: slow   Library: slow
Wire Load Model Mode: top

  Startpoint: Y_reg[2] (rising edge-triggered flip-flop clocked by clk)
  Endpoint: eq_table_reg[4][14]
            (rising edge-triggered flip-flop clocked by clk)
  Path Group: clk
  Path Type: max

  Des/Clust/Port     Wire Load Model       Library
  ------------------------------------------------
  CLE                tsmc13_wl10           slow

  Point                                    Incr       Path
  -----------------------------------------------------------
  clock clk (rise edge)                    0.00       0.00
  clock network delay (ideal)              0.50       0.50
  Y_reg[2]/CK (DFFRX2)                     0.00       0.50 r
  Y_reg[2]/Q (DFFRX2)                      0.88       1.38 r
  U2895/Y (NOR2X1)                         0.39       1.77 f
  U2878/Y (NAND2XL)                        0.74       2.51 r
  U2279/Y (OAI22XL)                        0.35       2.86 f
  U2276/Y (AOI211X1)                       0.53       3.39 r
  U2788/Y (CLKINVX1)                       0.50       3.88 f
  U2351/Y (NAND2X1)                        0.69       4.57 r
  U2264/Y (INVX2)                          0.42       4.98 f
  U2938/Y (OAI31X1)                        0.38       5.36 r
  U2939/Y (INVX3)                          0.51       5.87 f
  U2500/Y (OAI2BB1X1)                      0.60       6.47 r
  U3160/Y (NOR2BX1)                        0.46       6.93 f
  U2262/Y (NAND2X1)                        0.85       7.77 r
  U2777/Y (CLKINVX2)                       0.74       8.52 f
  U2875/Y (AOI211XL)                       0.60       9.12 r
  U2486/Y (OAI211XL)                       0.47       9.59 f
  U2749/Y (OAI2BB1XL)                      0.45      10.03 f
  eq_table_reg[4][14]/D (DFFRX1)           0.00      10.03 f
  data arrival time                                  10.03

  clock clk (rise edge)                   10.00      10.00
  clock network delay (ideal)              0.50      10.50
  clock uncertainty                       -0.10      10.40
  eq_table_reg[4][14]/CK (DFFRX1)          0.00      10.40 r
  library setup time                      -0.25      10.15
  data required time                                 10.15
  -----------------------------------------------------------
  data required time                                 10.15
  data arrival time                                 -10.03
  -----------------------------------------------------------
  slack (MET)                                         0.12


1
