 
****************************************
Report : area
Design : CONVEX
Version: Q-2019.12
Date   : Sat Mar  7 22:25:29 2026
****************************************

Library(s) Used:

    slow (File: /usr/cad/CBDK/CBDK_IC_Contest_v2.5/SynopsysDC/db/slow.db)

Number of ports:                           29
Number of nets:                          4509
Number of cells:                         4381
Number of combinational cells:           3767
Number of sequential cells:               614
Number of macros/black boxes:               0
Number of buf/inv:                        893
Number of references:                     130

Combinational area:              40201.221321
Buf/Inv area:                     4659.362968
Noncombinational area:           15880.874672
Macro/Black Box area:                0.000000
Net Interconnect area:          491215.821136

Total cell area:                 56082.095993
Total area:                     547297.917130
1
