 
****************************************
Report : area
Design : huffman
Version: Q-2019.12
Date   : Sat Mar  7 23:15:01 2026
****************************************

Library(s) Used:

    slow (File: /usr/cad/CBDK/CBDK_IC_Contest_v2.5/SynopsysDC/db/slow.db)

Number of ports:                          293
Number of nets:                          1231
Number of cells:                          935
Number of combinational cells:            731
Number of sequential cells:               195
Number of macros/black boxes:               0
Number of buf/inv:                        105
Number of references:                      73

Combinational area:               6947.458174
Buf/Inv area:                      478.666793
Noncombinational area:            6349.973425
Macro/Black Box area:                0.000000
Net Interconnect area:          131600.670013

Total cell area:                 13297.431598
Total area:                     144898.101612
1
