 
****************************************
Report : timing
        -path full
        -delay max
        -max_paths 1
Design : huffman
Version: Q-2019.12
Date   : Sun Mar  8 23:21:55 2026
****************************************

Operating Conditions: slow   Library: slow
Wire Load Model Mode: top

  Startpoint: reset (input port clocked by clk)
  Endpoint: M_reg[4][2]
            (rising edge-triggered flip-flop clocked by clk)
  Path Group: clk
  Path Type: max

  Des/Clust/Port     Wire Load Model       Library
  ------------------------------------------------
  huffman            tsmc13_wl10           slow

  Point                                    Incr       Path
  -----------------------------------------------------------
  clock clk (rise edge)                    0.00       0.00
  clock network delay (ideal)              0.50       0.50
  input external delay                     5.00       5.50 r
  reset (in)                               0.21       5.71 r
  U711/Y (INVX1)                           0.22       5.93 f
  U707/Y (BUFX4)                           0.38       6.32 f
  U706/Y (NAND2X1)                         0.61       6.93 r
  U1363/Y (CLKINVX1)                       0.68       7.61 f
  U728/Y (AOI31XL)                         0.63       8.23 r
  U705/Y (CLKBUFX6)                        0.27       8.51 r
  U1351/Y (NOR2BX1)                        0.21       8.72 f
  U737/Y (INVX3)                           0.33       9.05 r
  U697/Y (NAND2XL)                         0.22       9.26 f
  U696/Y (CLKBUFX3)                        0.44       9.70 f
  U1102/Y (OAI22XL)                        0.53      10.23 r
  M_reg[4][2]/D (DFFQX2)                   0.00      10.23 r
  data arrival time                                  10.23

  clock clk (rise edge)                   10.00      10.00
  clock network delay (ideal)              0.50      10.50
  clock uncertainty                       -0.10      10.40
  M_reg[4][2]/CK (DFFQX2)                  0.00      10.40 r
  library setup time                      -0.17      10.23
  data required time                                 10.23
  -----------------------------------------------------------
  data required time                                 10.23
  data arrival time                                 -10.23
  -----------------------------------------------------------
  slack (MET)                                         0.00


1
