 
****************************************
Report : area
Design : REFRACT
Version: Q-2019.12
Date   : Wed Mar 25 20:14:24 2026
****************************************

Library(s) Used:

    slow (File: /usr/cad/CBDK/CBDK_IC_Contest_v2.5/SynopsysDC/db/slow.db)

Number of ports:                           49
Number of nets:                         20113
Number of cells:                        18709
Number of combinational cells:          10950
Number of sequential cells:              7757
Number of macros/black boxes:               0
Number of buf/inv:                       1153
Number of references:                     112

Combinational area:             118575.271020
Buf/Inv area:                     5752.488508
Noncombinational area:          241305.784412
Macro/Black Box area:                0.000000
Net Interconnect area:         2348279.029572

Total cell area:                359881.055432
Total area:                    2708160.085004
1
