 
****************************************
Report : timing
        -path full
        -delay max
        -max_paths 1
Design : huffman
Version: Q-2019.12
Date   : Wed Mar 11 15:55:03 2026
****************************************

Operating Conditions: slow   Library: slow
Wire Load Model Mode: top

  Startpoint: gray_data[1]
              (input port clocked by clk)
  Endpoint: group_count_reg[2][4]
            (rising edge-triggered flip-flop clocked by clk)
  Path Group: clk
  Path Type: max

  Des/Clust/Port     Wire Load Model       Library
  ------------------------------------------------
  huffman            tsmc13_wl10           slow

  Point                                    Incr       Path
  -----------------------------------------------------------
  clock clk (rise edge)                    0.00       0.00
  clock network delay (ideal)              0.50       0.50
  input external delay                     5.00       5.50 r
  gray_data[1] (in)                        0.08       5.58 r
  U1196/Y (CLKINVX1)                       0.21       5.79 f
  U994/Y (NAND2X2)                         0.47       6.26 r
  U1219/Y (OAI22XL)                        0.31       6.57 f
  U1174/Y (AOI211XL)                       0.49       7.07 r
  U873/Y (OA21XL)                          0.61       7.68 r
  U1093/Y (NOR2X2)                         0.24       7.92 f
  U1035/Y (NAND2X1)                        0.37       8.28 r
  U900/Y (XOR2X1)                          0.32       8.60 f
  U869/Y (AO22X1)                          0.67       9.27 f
  U1651/Y (OAI21XL)                        0.53       9.80 r
  U1652/Y (OAI21XL)                        0.28      10.08 f
  group_count_reg[2][4]/D (DFFQX2)         0.00      10.08 f
  data arrival time                                  10.08

  clock clk (rise edge)                   10.00      10.00
  clock network delay (ideal)              0.50      10.50
  clock uncertainty                       -0.10      10.40
  group_count_reg[2][4]/CK (DFFQX2)        0.00      10.40 r
  library setup time                      -0.32      10.08
  data required time                                 10.08
  -----------------------------------------------------------
  data required time                                 10.08
  data arrival time                                 -10.08
  -----------------------------------------------------------
  slack (MET)                                         0.00


1
